<?xml version="1.0" encoding="UTF-8"?>
<testsuite name="Test SQLServer"
           tests="23"
           failures="0"
           errors="0"
           skipped="0"
           time="3.607">
  <properties />
  
  
            <testcase name="insertIntoJBSqlUtils" time="0.102" classname="io.github.josecarlosbran.JBSqlUtils.JBSqlUtilsTestSQLServer" />
                <testcase name="deleteJBSqlUtils" time="0.081" classname="io.github.josecarlosbran.JBSqlUtils.JBSqlUtilsTestSQLServer" />
                <testcase name="insertModel" time="0.044" classname="io.github.josecarlosbran.JBSqlUtils.JBSqlUtilsTestSQLServer" />
                <testcase name="deleteModel" time="0.066" classname="io.github.josecarlosbran.JBSqlUtils.JBSqlUtilsTestSQLServer" />
                <testcase name="setPropertiesConexion" time="0.001" classname="io.github.josecarlosbran.JBSqlUtils.JBSqlUtilsTestSQLServer" />
                <testcase name="firstModel" time="0.062" classname="io.github.josecarlosbran.JBSqlUtils.JBSqlUtilsTestSQLServer" />
                <testcase name="updateModels" time="0.368" classname="io.github.josecarlosbran.JBSqlUtils.JBSqlUtilsTestSQLServer" />
                <testcase name="creteTableJBSqlUtils" time="0.291" classname="io.github.josecarlosbran.JBSqlUtils.JBSqlUtilsTestSQLServer" />
                <testcase name="updateJBSqlUtils" time="0.083" classname="io.github.josecarlosbran.JBSqlUtils.JBSqlUtilsTestSQLServer" />
                <testcase name="setPropertiesConexiontoModel" time="0.117" classname="io.github.josecarlosbran.JBSqlUtils.JBSqlUtilsTestSQLServer" />
                <testcase name="updateModel" time="0.072" classname="io.github.josecarlosbran.JBSqlUtils.JBSqlUtilsTestSQLServer" />
                <testcase name="takeModels" time="0.048" classname="io.github.josecarlosbran.JBSqlUtils.JBSqlUtilsTestSQLServer" />
                <testcase name="createTable" time="0.180" classname="io.github.josecarlosbran.JBSqlUtils.JBSqlUtilsTestSQLServer" />
                <testcase name="getAllModels" time="0.386" classname="io.github.josecarlosbran.JBSqlUtils.JBSqlUtilsTestSQLServer" />
                <testcase name="cleanModel" time="0.004" classname="io.github.josecarlosbran.JBSqlUtils.JBSqlUtilsTestSQLServer" />
                <testcase name="firstOrFail" time="0.033" classname="io.github.josecarlosbran.JBSqlUtils.JBSqlUtilsTestSQLServer" />
                <testcase name="getModel" time="0.051" classname="io.github.josecarlosbran.JBSqlUtils.JBSqlUtilsTestSQLServer" />
                <testcase name="dropTableIfExists" time="0.243" classname="io.github.josecarlosbran.JBSqlUtils.JBSqlUtilsTestSQLServer" />
                <testcase name="dropTableJBSqlUtils" time="0.196" classname="io.github.josecarlosbran.JBSqlUtils.JBSqlUtilsTestSQLServer" />
                <testcase name="refreshModel" time="0.558" classname="io.github.josecarlosbran.JBSqlUtils.JBSqlUtilsTestSQLServer" />
                <testcase name="insertModels" time="0.394" classname="io.github.josecarlosbran.JBSqlUtils.JBSqlUtilsTestSQLServer" />
                <testcase name="deleteModels" time="0.163" classname="io.github.josecarlosbran.JBSqlUtils.JBSqlUtilsTestSQLServer" />
                <testcase name="getInJsonObjectsJBSqlUtils" time="0.064" classname="io.github.josecarlosbran.JBSqlUtils.JBSqlUtilsTestSQLServer" />
      
</testsuite>
