<?xml version="1.0" encoding="UTF-8"?>
<testsuite name="Test SQLite"
           tests="23"
           failures="0"
           errors="0"
           skipped="0"
           time="1.064">
  <properties />
  
  
            <testcase name="insertModels" time="0.202" classname="io.github.josecarlosbran.JBSqlUtils.JBSqlUtilsTestSQLite" />
                <testcase name="refreshModel" time="0.170" classname="io.github.josecarlosbran.JBSqlUtils.JBSqlUtilsTestSQLite" />
                <testcase name="firstOrFail" time="0.008" classname="io.github.josecarlosbran.JBSqlUtils.JBSqlUtilsTestSQLite" />
                <testcase name="insertIntoJBSqlUtils" time="0.063" classname="io.github.josecarlosbran.JBSqlUtils.JBSqlUtilsTestSQLite" />
                <testcase name="cleanModel" time="0.006" classname="io.github.josecarlosbran.JBSqlUtils.JBSqlUtilsTestSQLite" />
                <testcase name="deleteModels" time="0.063" classname="io.github.josecarlosbran.JBSqlUtils.JBSqlUtilsTestSQLite" />
                <testcase name="setPropertiesConexion" time="0.006" classname="io.github.josecarlosbran.JBSqlUtils.JBSqlUtilsTestSQLite" />
                <testcase name="updateModel" time="0.028" classname="io.github.josecarlosbran.JBSqlUtils.JBSqlUtilsTestSQLite" />
                <testcase name="createTable" time="0.035" classname="io.github.josecarlosbran.JBSqlUtils.JBSqlUtilsTestSQLite" />
                <testcase name="dropTableIfExists" time="0.037" classname="io.github.josecarlosbran.JBSqlUtils.JBSqlUtilsTestSQLite" />
                <testcase name="getModel" time="0.014" classname="io.github.josecarlosbran.JBSqlUtils.JBSqlUtilsTestSQLite" />
                <testcase name="firstModel" time="0.017" classname="io.github.josecarlosbran.JBSqlUtils.JBSqlUtilsTestSQLite" />
                <testcase name="dropTableJBSqlUtils" time="0.029" classname="io.github.josecarlosbran.JBSqlUtils.JBSqlUtilsTestSQLite" />
                <testcase name="getInJsonObjectsJBSqlUtils" time="0.013" classname="io.github.josecarlosbran.JBSqlUtils.JBSqlUtilsTestSQLite" />
                <testcase name="creteTableJBSqlUtils" time="0.031" classname="io.github.josecarlosbran.JBSqlUtils.JBSqlUtilsTestSQLite" />
                <testcase name="updateModels" time="0.221" classname="io.github.josecarlosbran.JBSqlUtils.JBSqlUtilsTestSQLite" />
                <testcase name="takeModels" time="0.024" classname="io.github.josecarlosbran.JBSqlUtils.JBSqlUtilsTestSQLite" />
                <testcase name="setPropertiesConexiontoModel" time="0.002" classname="io.github.josecarlosbran.JBSqlUtils.JBSqlUtilsTestSQLite" />
                <testcase name="deleteModel" time="0.024" classname="io.github.josecarlosbran.JBSqlUtils.JBSqlUtilsTestSQLite" />
                <testcase name="insertModel" time="0.017" classname="io.github.josecarlosbran.JBSqlUtils.JBSqlUtilsTestSQLite" />
                <testcase name="getAllModels" time="0.015" classname="io.github.josecarlosbran.JBSqlUtils.JBSqlUtilsTestSQLite" />
                <testcase name="deleteJBSqlUtils" time="0.023" classname="io.github.josecarlosbran.JBSqlUtils.JBSqlUtilsTestSQLite" />
                <testcase name="updateJBSqlUtils" time="0.016" classname="io.github.josecarlosbran.JBSqlUtils.JBSqlUtilsTestSQLite" />
      
</testsuite>
