<?xml version="1.0" encoding="UTF-8"?>
<testsuite name="JBSqlUtils"
           tests="10"
           failures="0"
           errors="0"
           skipped="0"
           time="1.386">
  <properties />
  
  
            <testcase name="createTable" time="0.177" classname="io.github.josecarlosbran.JBSqlUtils.JBSqlUtilsTestMySQL" />
                <testcase name="insertModel" time="0.026" classname="io.github.josecarlosbran.JBSqlUtils.JBSqlUtilsTestMySQL" />
                <testcase name="insertModels" time="0.227" classname="io.github.josecarlosbran.JBSqlUtils.JBSqlUtilsTestMySQL" />
                <testcase name="deleteModels" time="0.148" classname="io.github.josecarlosbran.JBSqlUtils.JBSqlUtilsTestMySQL" />
                <testcase name="updateModel" time="0.067" classname="io.github.josecarlosbran.JBSqlUtils.JBSqlUtilsTestMySQL" />
                <testcase name="dropTableIfExists" time="0.614" classname="io.github.josecarlosbran.JBSqlUtils.JBSqlUtilsTestMySQL" />
                <testcase name="deleteModel" time="0.090" classname="io.github.josecarlosbran.JBSqlUtils.JBSqlUtilsTestMySQL" />
                <testcase name="setPropertiesConexiontoModel" time="0.017" classname="io.github.josecarlosbran.JBSqlUtils.JBSqlUtilsTestMySQL" />
                <testcase name="firstOrFail" time="0.019" classname="io.github.josecarlosbran.JBSqlUtils.JBSqlUtilsTestMySQL" />
                <testcase name="setPropertiesConexion" time="0.001" classname="io.github.josecarlosbran.JBSqlUtils.JBSqlUtilsTestMySQL" />
      
</testsuite>
