<?xml version="1.0" encoding="UTF-8"?>
<testsuite name="JBSqlUtils"
           tests="23"
           failures="0"
           errors="0"
           skipped="0"
           time="1.089">
  <properties />
  
  
            <testcase name="getModel" time="0.015" classname="io.github.josecarlosbran.JBSqlUtils.JBSqlUtilsTestSQLite" />
                <testcase name="deleteModels" time="0.054" classname="io.github.josecarlosbran.JBSqlUtils.JBSqlUtilsTestSQLite" />
                <testcase name="dropTableJBSqlUtils" time="0.018" classname="io.github.josecarlosbran.JBSqlUtils.JBSqlUtilsTestSQLite" />
                <testcase name="setPropertiesConexiontoModel" time="0.188" classname="io.github.josecarlosbran.JBSqlUtils.JBSqlUtilsTestSQLite" />
                <testcase name="dropTableIfExists" time="0.052" classname="io.github.josecarlosbran.JBSqlUtils.JBSqlUtilsTestSQLite" />
                <testcase name="updateModels" time="0.185" classname="io.github.josecarlosbran.JBSqlUtils.JBSqlUtilsTestSQLite" />
                <testcase name="getInJsonObjectsJBSqlUtils" time="0.010" classname="io.github.josecarlosbran.JBSqlUtils.JBSqlUtilsTestSQLite" />
                <testcase name="creteTableJBSqlUtils" time="0.027" classname="io.github.josecarlosbran.JBSqlUtils.JBSqlUtilsTestSQLite" />
                <testcase name="deleteJBSqlUtils" time="0.016" classname="io.github.josecarlosbran.JBSqlUtils.JBSqlUtilsTestSQLite" />
                <testcase name="insertModels" time="0.282" classname="io.github.josecarlosbran.JBSqlUtils.JBSqlUtilsTestSQLite" />
                <testcase name="createTable" time="0.022" classname="io.github.josecarlosbran.JBSqlUtils.JBSqlUtilsTestSQLite" />
                <testcase name="getAllModels" time="0.022" classname="io.github.josecarlosbran.JBSqlUtils.JBSqlUtilsTestSQLite" />
                <testcase name="firstModel" time="0.023" classname="io.github.josecarlosbran.JBSqlUtils.JBSqlUtilsTestSQLite" />
                <testcase name="insertModel" time="0.012" classname="io.github.josecarlosbran.JBSqlUtils.JBSqlUtilsTestSQLite" />
                <testcase name="refreshModel" time="0.020" classname="io.github.josecarlosbran.JBSqlUtils.JBSqlUtilsTestSQLite" />
                <testcase name="cleanModel" time="0.004" classname="io.github.josecarlosbran.JBSqlUtils.JBSqlUtilsTestSQLite" />
                <testcase name="takeModels" time="0.034" classname="io.github.josecarlosbran.JBSqlUtils.JBSqlUtilsTestSQLite" />
                <testcase name="insertIntoJBSqlUtils" time="0.031" classname="io.github.josecarlosbran.JBSqlUtils.JBSqlUtilsTestSQLite" />
                <testcase name="firstOrFail" time="0.012" classname="io.github.josecarlosbran.JBSqlUtils.JBSqlUtilsTestSQLite" />
                <testcase name="updateJBSqlUtils" time="0.015" classname="io.github.josecarlosbran.JBSqlUtils.JBSqlUtilsTestSQLite" />
                <testcase name="setPropertiesConexion" time="0.001" classname="io.github.josecarlosbran.JBSqlUtils.JBSqlUtilsTestSQLite" />
                <testcase name="deleteModel" time="0.020" classname="io.github.josecarlosbran.JBSqlUtils.JBSqlUtilsTestSQLite" />
                <testcase name="updateModel" time="0.026" classname="io.github.josecarlosbran.JBSqlUtils.JBSqlUtilsTestSQLite" />
      
</testsuite>
