<?xml version="1.0" encoding="UTF-8"?>
<testsuite name="Test PostgreSQL"
           tests="23"
           failures="0"
           errors="0"
           skipped="0"
           time="6.321">
  <properties />
  
  
            <testcase name="getInJsonObjectsJBSqlUtils" time="0.164" classname="io.github.josecarlosbran.JBSqlUtils.JBSqlUtilsTestPostgreSQL" />
                <testcase name="getModel" time="0.133" classname="io.github.josecarlosbran.JBSqlUtils.JBSqlUtilsTestPostgreSQL" />
                <testcase name="dropTableIfExists" time="0.391" classname="io.github.josecarlosbran.JBSqlUtils.JBSqlUtilsTestPostgreSQL" />
                <testcase name="deleteModels" time="0.379" classname="io.github.josecarlosbran.JBSqlUtils.JBSqlUtilsTestPostgreSQL" />
                <testcase name="creteTableJBSqlUtils" time="0.477" classname="io.github.josecarlosbran.JBSqlUtils.JBSqlUtilsTestPostgreSQL" />
                <testcase name="updateModel" time="0.144" classname="io.github.josecarlosbran.JBSqlUtils.JBSqlUtilsTestPostgreSQL" />
                <testcase name="deleteJBSqlUtils" time="0.232" classname="io.github.josecarlosbran.JBSqlUtils.JBSqlUtilsTestPostgreSQL" />
                <testcase name="updateJBSqlUtils" time="0.205" classname="io.github.josecarlosbran.JBSqlUtils.JBSqlUtilsTestPostgreSQL" />
                <testcase name="createTable" time="0.263" classname="io.github.josecarlosbran.JBSqlUtils.JBSqlUtilsTestPostgreSQL" />
                <testcase name="takeModels" time="0.082" classname="io.github.josecarlosbran.JBSqlUtils.JBSqlUtilsTestPostgreSQL" />
                <testcase name="updateModels" time="1.078" classname="io.github.josecarlosbran.JBSqlUtils.JBSqlUtilsTestPostgreSQL" />
                <testcase name="dropTableJBSqlUtils" time="0.372" classname="io.github.josecarlosbran.JBSqlUtils.JBSqlUtilsTestPostgreSQL" />
                <testcase name="firstModel" time="0.145" classname="io.github.josecarlosbran.JBSqlUtils.JBSqlUtilsTestPostgreSQL" />
                <testcase name="setPropertiesConexion" time="0.001" classname="io.github.josecarlosbran.JBSqlUtils.JBSqlUtilsTestPostgreSQL" />
                <testcase name="getAllModels" time="0.079" classname="io.github.josecarlosbran.JBSqlUtils.JBSqlUtilsTestPostgreSQL" />
                <testcase name="insertModel" time="0.095" classname="io.github.josecarlosbran.JBSqlUtils.JBSqlUtilsTestPostgreSQL" />
                <testcase name="firstOrFail" time="0.065" classname="io.github.josecarlosbran.JBSqlUtils.JBSqlUtilsTestPostgreSQL" />
                <testcase name="refreshModel" time="0.249" classname="io.github.josecarlosbran.JBSqlUtils.JBSqlUtilsTestPostgreSQL" />
                <testcase name="cleanModel" time="0.006" classname="io.github.josecarlosbran.JBSqlUtils.JBSqlUtilsTestPostgreSQL" />
                <testcase name="deleteModel" time="0.122" classname="io.github.josecarlosbran.JBSqlUtils.JBSqlUtilsTestPostgreSQL" />
                <testcase name="insertIntoJBSqlUtils" time="0.281" classname="io.github.josecarlosbran.JBSqlUtils.JBSqlUtilsTestPostgreSQL" />
                <testcase name="setPropertiesConexiontoModel" time="0.249" classname="io.github.josecarlosbran.JBSqlUtils.JBSqlUtilsTestPostgreSQL" />
                <testcase name="insertModels" time="1.109" classname="io.github.josecarlosbran.JBSqlUtils.JBSqlUtilsTestPostgreSQL" />
      
</testsuite>
