<?xml version="1.0" encoding="UTF-8"?>
<testsuite name="JBSqlUtils"
           tests="23"
           failures="0"
           errors="0"
           skipped="0"
           time="4.956">
    <properties/>


    <testcase name="firstModel" time="0.086" classname="io.github.josecarlosbran.JBSqlUtils.JBSqlUtilsTestMySQL"/>
    <testcase name="refreshModel" time="0.363" classname="io.github.josecarlosbran.JBSqlUtils.JBSqlUtilsTestMySQL"/>
    <testcase name="setPropertiesConexion" time="0.001"
              classname="io.github.josecarlosbran.JBSqlUtils.JBSqlUtilsTestMySQL"/>
    <testcase name="creteTableJBSqlUtils" time="0.347"
              classname="io.github.josecarlosbran.JBSqlUtils.JBSqlUtilsTestMySQL"/>
    <testcase name="cleanModel" time="0.009" classname="io.github.josecarlosbran.JBSqlUtils.JBSqlUtilsTestMySQL"/>
    <testcase name="dropTableIfExists" time="0.402"
              classname="io.github.josecarlosbran.JBSqlUtils.JBSqlUtilsTestMySQL"/>
    <testcase name="firstOrFail" time="0.050" classname="io.github.josecarlosbran.JBSqlUtils.JBSqlUtilsTestMySQL"/>
    <testcase name="insertIntoJBSqlUtils" time="0.110"
              classname="io.github.josecarlosbran.JBSqlUtils.JBSqlUtilsTestMySQL"/>
    <testcase name="deleteJBSqlUtils" time="0.091" classname="io.github.josecarlosbran.JBSqlUtils.JBSqlUtilsTestMySQL"/>
    <testcase name="insertModels" time="0.854" classname="io.github.josecarlosbran.JBSqlUtils.JBSqlUtilsTestMySQL"/>
    <testcase name="dropTableJBSqlUtils" time="0.186"
              classname="io.github.josecarlosbran.JBSqlUtils.JBSqlUtilsTestMySQL"/>
    <testcase name="deleteModels" time="0.222" classname="io.github.josecarlosbran.JBSqlUtils.JBSqlUtilsTestMySQL"/>
    <testcase name="takeModels" time="0.057" classname="io.github.josecarlosbran.JBSqlUtils.JBSqlUtilsTestMySQL"/>
    <testcase name="updateModel" time="0.121" classname="io.github.josecarlosbran.JBSqlUtils.JBSqlUtilsTestMySQL"/>
    <testcase name="insertModel" time="0.073" classname="io.github.josecarlosbran.JBSqlUtils.JBSqlUtilsTestMySQL"/>
    <testcase name="createTable" time="0.211" classname="io.github.josecarlosbran.JBSqlUtils.JBSqlUtilsTestMySQL"/>
    <testcase name="deleteModel" time="0.085" classname="io.github.josecarlosbran.JBSqlUtils.JBSqlUtilsTestMySQL"/>
    <testcase name="getInJsonObjectsJBSqlUtils" time="0.059"
              classname="io.github.josecarlosbran.JBSqlUtils.JBSqlUtilsTestMySQL"/>
    <testcase name="getModel" time="0.114" classname="io.github.josecarlosbran.JBSqlUtils.JBSqlUtilsTestMySQL"/>
    <testcase name="updateJBSqlUtils" time="0.119" classname="io.github.josecarlosbran.JBSqlUtils.JBSqlUtilsTestMySQL"/>
    <testcase name="setPropertiesConexiontoModel" time="0.745"
              classname="io.github.josecarlosbran.JBSqlUtils.JBSqlUtilsTestMySQL"/>
    <testcase name="updateModels" time="0.608" classname="io.github.josecarlosbran.JBSqlUtils.JBSqlUtilsTestMySQL"/>
    <testcase name="getAllModels" time="0.043" classname="io.github.josecarlosbran.JBSqlUtils.JBSqlUtilsTestMySQL"/>

</testsuite>
