<?xml version="1.0" encoding="UTF-8"?>
<testsuite name="Test MariaDB"
           tests="23"
           failures="0"
           errors="0"
           skipped="0"
           time="2.805">
  <properties />
  
  
            <testcase name="deleteModels" time="0.101" classname="io.github.josecarlosbran.JBSqlUtils.JBSqlUtilsTestMariaDB" />
                <testcase name="getModel" time="0.032" classname="io.github.josecarlosbran.JBSqlUtils.JBSqlUtilsTestMariaDB" />
                <testcase name="insertIntoJBSqlUtils" time="0.055" classname="io.github.josecarlosbran.JBSqlUtils.JBSqlUtilsTestMariaDB" />
                <testcase name="takeModels" time="0.049" classname="io.github.josecarlosbran.JBSqlUtils.JBSqlUtilsTestMariaDB" />
                <testcase name="deleteModel" time="0.037" classname="io.github.josecarlosbran.JBSqlUtils.JBSqlUtilsTestMariaDB" />
                <testcase name="insertModels" time="0.380" classname="io.github.josecarlosbran.JBSqlUtils.JBSqlUtilsTestMariaDB" />
                <testcase name="firstModel" time="0.047" classname="io.github.josecarlosbran.JBSqlUtils.JBSqlUtilsTestMariaDB" />
                <testcase name="creteTableJBSqlUtils" time="0.177" classname="io.github.josecarlosbran.JBSqlUtils.JBSqlUtilsTestMariaDB" />
                <testcase name="setPropertiesConexiontoModel" time="0.112" classname="io.github.josecarlosbran.JBSqlUtils.JBSqlUtilsTestMariaDB" />
                <testcase name="dropTableIfExists" time="0.128" classname="io.github.josecarlosbran.JBSqlUtils.JBSqlUtilsTestMariaDB" />
                <testcase name="insertModel" time="0.029" classname="io.github.josecarlosbran.JBSqlUtils.JBSqlUtilsTestMariaDB" />
                <testcase name="refreshModel" time="0.052" classname="io.github.josecarlosbran.JBSqlUtils.JBSqlUtilsTestMariaDB" />
                <testcase name="getInJsonObjectsJBSqlUtils" time="0.047" classname="io.github.josecarlosbran.JBSqlUtils.JBSqlUtilsTestMariaDB" />
                <testcase name="setPropertiesConexion" time="0.001" classname="io.github.josecarlosbran.JBSqlUtils.JBSqlUtilsTestMariaDB" />
                <testcase name="deleteJBSqlUtils" time="0.060" classname="io.github.josecarlosbran.JBSqlUtils.JBSqlUtilsTestMariaDB" />
                <testcase name="dropTableJBSqlUtils" time="0.120" classname="io.github.josecarlosbran.JBSqlUtils.JBSqlUtilsTestMariaDB" />
                <testcase name="firstOrFail" time="0.017" classname="io.github.josecarlosbran.JBSqlUtils.JBSqlUtilsTestMariaDB" />
                <testcase name="updateModels" time="0.376" classname="io.github.josecarlosbran.JBSqlUtils.JBSqlUtilsTestMariaDB" />
                <testcase name="getAllModels" time="0.029" classname="io.github.josecarlosbran.JBSqlUtils.JBSqlUtilsTestMariaDB" />
                <testcase name="cleanModel" time="0.006" classname="io.github.josecarlosbran.JBSqlUtils.JBSqlUtilsTestMariaDB" />
                <testcase name="updateModel" time="0.077" classname="io.github.josecarlosbran.JBSqlUtils.JBSqlUtilsTestMariaDB" />
                <testcase name="createTable" time="0.118" classname="io.github.josecarlosbran.JBSqlUtils.JBSqlUtilsTestMariaDB" />
                <testcase name="updateJBSqlUtils" time="0.755" classname="io.github.josecarlosbran.JBSqlUtils.JBSqlUtilsTestMariaDB" />
      
</testsuite>
